{"C:\\Users\\Hashim\\Desktop\\Uni\\Year 2\\5001CEM - Software Engineering\\Local_News\\modules\\accounts.js": {"path":"C:\\Users\\Hashim\\Desktop\\Uni\\Year 2\\5001CEM - Software Engineering\\Local_News\\modules\\accounts.js","statementMap":{"0":{"start":{"line":10,"column":15},"end":{"line":10,"column":38}},"1":{"start":{"line":11,"column":15},"end":{"line":11,"column":40}},"2":{"start":{"line":20,"column":1},"end":{"line":30,"column":2}},"3":{"start":{"line":21,"column":2},"end":{"line":21,"column":20}},"4":{"start":{"line":22,"column":17},"end":{"line":22,"column":31}},"5":{"start":{"line":23,"column":13},"end":{"line":23,"column":38}},"6":{"start":{"line":24,"column":15},"end":{"line":24,"column":34}},"7":{"start":{"line":25,"column":2},"end":{"line":25,"column":18}},"8":{"start":{"line":26,"column":2},"end":{"line":26,"column":38}},"9":{"start":{"line":26,"column":24},"end":{"line":26,"column":38}},"10":{"start":{"line":27,"column":2},"end":{"line":27,"column":13}},"11":{"start":{"line":29,"column":2},"end":{"line":29,"column":11}},"12":{"start":{"line":33,"column":0},"end":{"line":44,"column":1}},"13":{"start":{"line":34,"column":1},"end":{"line":43,"column":2}},"14":{"start":{"line":35,"column":21},"end":{"line":35,"column":99}},"15":{"start":{"line":36,"column":2},"end":{"line":36,"column":56}},"16":{"start":{"line":36,"column":21},"end":{"line":36,"column":56}},"17":{"start":{"line":37,"column":17},"end":{"line":37,"column":83}},"18":{"start":{"line":38,"column":16},"end":{"line":38,"column":59}},"19":{"start":{"line":39,"column":2},"end":{"line":39,"column":56}},"20":{"start":{"line":39,"column":21},"end":{"line":39,"column":56}},"21":{"start":{"line":40,"column":2},"end":{"line":40,"column":13}},"22":{"start":{"line":42,"column":2},"end":{"line":42,"column":11}},"23":{"start":{"line":57,"column":1},"end":{"line":57,"column":12}},"24":{"start":{"line":68,"column":1},"end":{"line":68,"column":12}},"25":{"start":{"line":78,"column":0},"end":{"line":78,"column":58}},"26":{"start":{"line":78,"column":54},"end":{"line":78,"column":58}}},"fnMap":{"0":{"name":"runSQL","decl":{"start":{"line":19,"column":15},"end":{"line":19,"column":21}},"loc":{"start":{"line":19,"column":29},"end":{"line":31,"column":1}},"line":19},"1":{"name":"(anonymous_1)","decl":{"start":{"line":33,"column":34},"end":{"line":33,"column":35}},"loc":{"start":{"line":33,"column":63},"end":{"line":44,"column":1}},"line":33},"2":{"name":"checkNoDuplicateUsername","decl":{"start":{"line":56,"column":15},"end":{"line":56,"column":39}},"loc":{"start":{"line":56,"column":50},"end":{"line":58,"column":1}},"line":56},"3":{"name":"saveImage","decl":{"start":{"line":67,"column":15},"end":{"line":67,"column":24}},"loc":{"start":{"line":67,"column":41},"end":{"line":69,"column":1}},"line":67},"4":{"name":"(anonymous_4)","decl":{"start":{"line":78,"column":25},"end":{"line":78,"column":26}},"loc":{"start":{"line":78,"column":54},"end":{"line":78,"column":58}},"line":78}},"branchMap":{"0":{"loc":{"start":{"line":26,"column":2},"end":{"line":26,"column":38}},"type":"if","locations":[{"start":{"line":26,"column":2},"end":{"line":26,"column":38}},{"start":{"line":26,"column":2},"end":{"line":26,"column":38}}],"line":26},"1":{"loc":{"start":{"line":36,"column":2},"end":{"line":36,"column":56}},"type":"if","locations":[{"start":{"line":36,"column":2},"end":{"line":36,"column":56}},{"start":{"line":36,"column":2},"end":{"line":36,"column":56}}],"line":36},"2":{"loc":{"start":{"line":39,"column":2},"end":{"line":39,"column":56}},"type":"if","locations":[{"start":{"line":39,"column":2},"end":{"line":39,"column":56}},{"start":{"line":39,"column":2},"end":{"line":39,"column":56}}],"line":39}},"s":{"0":1,"1":1,"2":3,"3":3,"4":3,"5":3,"6":3,"7":3,"8":3,"9":3,"10":0,"11":0,"12":1,"13":3,"14":3,"15":3,"16":3,"17":0,"18":0,"19":0,"20":0,"21":0,"22":3,"23":0,"24":0,"25":1,"26":0},"f":{"0":3,"1":3,"2":0,"3":0,"4":0},"b":{"0":[3,0],"1":[3,0],"2":[0,0]},"_coverageSchema":"43e27e138ebf9cfc5966b082cf9a028302ed4184","hash":"6a5ad0c0c3f7cadf97d3c770f354e931c76a60c6"}
,"C:\\Users\\Hashim\\Desktop\\Uni\\Year 2\\5001CEM - Software Engineering\\Local_News\\modules\\register.js": {"path":"C:\\Users\\Hashim\\Desktop\\Uni\\Year 2\\5001CEM - Software Engineering\\Local_News\\modules\\register.js","statementMap":{"0":{"start":{"line":3,"column":15},"end":{"line":3,"column":38}},"1":{"start":{"line":4,"column":15},"end":{"line":4,"column":40}},"2":{"start":{"line":7,"column":1},"end":{"line":17,"column":2}},"3":{"start":{"line":8,"column":2},"end":{"line":8,"column":20}},"4":{"start":{"line":9,"column":17},"end":{"line":9,"column":31}},"5":{"start":{"line":10,"column":13},"end":{"line":10,"column":38}},"6":{"start":{"line":11,"column":15},"end":{"line":11,"column":34}},"7":{"start":{"line":12,"column":2},"end":{"line":12,"column":18}},"8":{"start":{"line":13,"column":2},"end":{"line":13,"column":38}},"9":{"start":{"line":13,"column":24},"end":{"line":13,"column":38}},"10":{"start":{"line":14,"column":2},"end":{"line":14,"column":13}},"11":{"start":{"line":16,"column":2},"end":{"line":16,"column":11}},"12":{"start":{"line":21,"column":0},"end":{"line":49,"column":1}},"13":{"start":{"line":24,"column":2},"end":{"line":29,"column":6}},"14":{"start":{"line":25,"column":3},"end":{"line":25,"column":38}},"15":{"start":{"line":26,"column":15},"end":{"line":26,"column":111}},"16":{"start":{"line":27,"column":3},"end":{"line":27,"column":25}},"17":{"start":{"line":28,"column":3},"end":{"line":28,"column":14}},"18":{"start":{"line":34,"column":2},"end":{"line":45,"column":3}},"19":{"start":{"line":35,"column":3},"end":{"line":35,"column":58}},"20":{"start":{"line":35,"column":25},"end":{"line":35,"column":58}},"21":{"start":{"line":36,"column":3},"end":{"line":36,"column":58}},"22":{"start":{"line":36,"column":25},"end":{"line":36,"column":58}},"23":{"start":{"line":37,"column":13},"end":{"line":37,"column":75}},"24":{"start":{"line":38,"column":16},"end":{"line":38,"column":38}},"25":{"start":{"line":39,"column":3},"end":{"line":39,"column":75}},"26":{"start":{"line":39,"column":26},"end":{"line":39,"column":75}},"27":{"start":{"line":40,"column":3},"end":{"line":40,"column":67}},"28":{"start":{"line":41,"column":3},"end":{"line":41,"column":25}},"29":{"start":{"line":42,"column":3},"end":{"line":42,"column":14}},"30":{"start":{"line":44,"column":3},"end":{"line":44,"column":12}}},"fnMap":{"0":{"name":"runSQL","decl":{"start":{"line":6,"column":15},"end":{"line":6,"column":21}},"loc":{"start":{"line":6,"column":29},"end":{"line":19,"column":1}},"line":6},"1":{"name":"(anonymous_1)","decl":{"start":{"line":23,"column":1},"end":{"line":23,"column":2}},"loc":{"start":{"line":23,"column":34},"end":{"line":30,"column":2}},"line":23},"2":{"name":"(anonymous_2)","decl":{"start":{"line":24,"column":10},"end":{"line":24,"column":11}},"loc":{"start":{"line":24,"column":21},"end":{"line":29,"column":3}},"line":24},"3":{"name":"(anonymous_3)","decl":{"start":{"line":33,"column":1},"end":{"line":33,"column":2}},"loc":{"start":{"line":33,"column":32},"end":{"line":46,"column":2}},"line":33}},"branchMap":{"0":{"loc":{"start":{"line":13,"column":2},"end":{"line":13,"column":38}},"type":"if","locations":[{"start":{"line":13,"column":2},"end":{"line":13,"column":38}},{"start":{"line":13,"column":2},"end":{"line":13,"column":38}}],"line":13},"1":{"loc":{"start":{"line":23,"column":13},"end":{"line":23,"column":32}},"type":"default-arg","locations":[{"start":{"line":23,"column":22},"end":{"line":23,"column":32}}],"line":23},"2":{"loc":{"start":{"line":35,"column":3},"end":{"line":35,"column":58}},"type":"if","locations":[{"start":{"line":35,"column":3},"end":{"line":35,"column":58}},{"start":{"line":35,"column":3},"end":{"line":35,"column":58}}],"line":35},"3":{"loc":{"start":{"line":36,"column":3},"end":{"line":36,"column":58}},"type":"if","locations":[{"start":{"line":36,"column":3},"end":{"line":36,"column":58}},{"start":{"line":36,"column":3},"end":{"line":36,"column":58}}],"line":36},"4":{"loc":{"start":{"line":39,"column":3},"end":{"line":39,"column":75}},"type":"if","locations":[{"start":{"line":39,"column":3},"end":{"line":39,"column":75}},{"start":{"line":39,"column":3},"end":{"line":39,"column":75}}],"line":39}},"s":{"0":1,"1":1,"2":0,"3":0,"4":0,"5":0,"6":0,"7":0,"8":0,"9":0,"10":0,"11":0,"12":1,"13":3,"14":3,"15":3,"16":3,"17":3,"18":3,"19":3,"20":1,"21":2,"22":1,"23":1,"24":1,"25":1,"26":0,"27":1,"28":1,"29":1,"30":2},"f":{"0":0,"1":3,"2":3,"3":3},"b":{"0":[0,0],"1":[3],"2":[1,2],"3":[1,1],"4":[0,1]},"_coverageSchema":"43e27e138ebf9cfc5966b082cf9a028302ed4184","hash":"28e5a285fb20018149687d921c46cb7f0f237f55"}
,"C:\\Users\\Hashim\\Desktop\\Uni\\Year 2\\5001CEM - Software Engineering\\Local_News\\modules\\upload.js": {"path":"C:\\Users\\Hashim\\Desktop\\Uni\\Year 2\\5001CEM - Software Engineering\\Local_News\\modules\\upload.js","statementMap":{"0":{"start":{"line":3,"column":15},"end":{"line":3,"column":38}},"1":{"start":{"line":7,"column":1},"end":{"line":17,"column":2}},"2":{"start":{"line":8,"column":2},"end":{"line":8,"column":20}},"3":{"start":{"line":9,"column":17},"end":{"line":9,"column":31}},"4":{"start":{"line":10,"column":13},"end":{"line":10,"column":38}},"5":{"start":{"line":11,"column":15},"end":{"line":11,"column":34}},"6":{"start":{"line":12,"column":2},"end":{"line":12,"column":18}},"7":{"start":{"line":13,"column":2},"end":{"line":13,"column":38}},"8":{"start":{"line":13,"column":24},"end":{"line":13,"column":38}},"9":{"start":{"line":14,"column":2},"end":{"line":14,"column":13}},"10":{"start":{"line":16,"column":2},"end":{"line":16,"column":11}},"11":{"start":{"line":21,"column":0},"end":{"line":51,"column":1}},"12":{"start":{"line":24,"column":2},"end":{"line":29,"column":6}},"13":{"start":{"line":25,"column":3},"end":{"line":25,"column":38}},"14":{"start":{"line":26,"column":15},"end":{"line":26,"column":135}},"15":{"start":{"line":27,"column":3},"end":{"line":27,"column":25}},"16":{"start":{"line":28,"column":3},"end":{"line":28,"column":14}},"17":{"start":{"line":34,"column":2},"end":{"line":47,"column":3}},"18":{"start":{"line":35,"column":3},"end":{"line":35,"column":64}},"19":{"start":{"line":35,"column":31},"end":{"line":35,"column":64}},"20":{"start":{"line":36,"column":3},"end":{"line":36,"column":63}},"21":{"start":{"line":36,"column":30},"end":{"line":36,"column":63}},"22":{"start":{"line":37,"column":3},"end":{"line":37,"column":59}},"23":{"start":{"line":37,"column":26},"end":{"line":37,"column":59}},"24":{"start":{"line":38,"column":3},"end":{"line":38,"column":58}},"25":{"start":{"line":38,"column":25},"end":{"line":38,"column":58}},"26":{"start":{"line":39,"column":13},"end":{"line":39,"column":97}},"27":{"start":{"line":40,"column":16},"end":{"line":40,"column":38}},"28":{"start":{"line":41,"column":3},"end":{"line":41,"column":83}},"29":{"start":{"line":41,"column":26},"end":{"line":41,"column":83}},"30":{"start":{"line":42,"column":3},"end":{"line":42,"column":155}},"31":{"start":{"line":43,"column":3},"end":{"line":43,"column":25}},"32":{"start":{"line":44,"column":3},"end":{"line":44,"column":14}},"33":{"start":{"line":46,"column":3},"end":{"line":46,"column":12}}},"fnMap":{"0":{"name":"runSQL","decl":{"start":{"line":6,"column":15},"end":{"line":6,"column":21}},"loc":{"start":{"line":6,"column":29},"end":{"line":19,"column":1}},"line":6},"1":{"name":"(anonymous_1)","decl":{"start":{"line":23,"column":1},"end":{"line":23,"column":2}},"loc":{"start":{"line":23,"column":34},"end":{"line":30,"column":2}},"line":23},"2":{"name":"(anonymous_2)","decl":{"start":{"line":24,"column":10},"end":{"line":24,"column":11}},"loc":{"start":{"line":24,"column":21},"end":{"line":29,"column":3}},"line":24},"3":{"name":"(anonymous_3)","decl":{"start":{"line":33,"column":1},"end":{"line":33,"column":2}},"loc":{"start":{"line":33,"column":62},"end":{"line":48,"column":2}},"line":33}},"branchMap":{"0":{"loc":{"start":{"line":13,"column":2},"end":{"line":13,"column":38}},"type":"if","locations":[{"start":{"line":13,"column":2},"end":{"line":13,"column":38}},{"start":{"line":13,"column":2},"end":{"line":13,"column":38}}],"line":13},"1":{"loc":{"start":{"line":23,"column":13},"end":{"line":23,"column":32}},"type":"default-arg","locations":[{"start":{"line":23,"column":22},"end":{"line":23,"column":32}}],"line":23},"2":{"loc":{"start":{"line":35,"column":3},"end":{"line":35,"column":64}},"type":"if","locations":[{"start":{"line":35,"column":3},"end":{"line":35,"column":64}},{"start":{"line":35,"column":3},"end":{"line":35,"column":64}}],"line":35},"3":{"loc":{"start":{"line":36,"column":3},"end":{"line":36,"column":63}},"type":"if","locations":[{"start":{"line":36,"column":3},"end":{"line":36,"column":63}},{"start":{"line":36,"column":3},"end":{"line":36,"column":63}}],"line":36},"4":{"loc":{"start":{"line":37,"column":3},"end":{"line":37,"column":59}},"type":"if","locations":[{"start":{"line":37,"column":3},"end":{"line":37,"column":59}},{"start":{"line":37,"column":3},"end":{"line":37,"column":59}}],"line":37},"5":{"loc":{"start":{"line":38,"column":3},"end":{"line":38,"column":58}},"type":"if","locations":[{"start":{"line":38,"column":3},"end":{"line":38,"column":58}},{"start":{"line":38,"column":3},"end":{"line":38,"column":58}}],"line":38},"6":{"loc":{"start":{"line":41,"column":3},"end":{"line":41,"column":83}},"type":"if","locations":[{"start":{"line":41,"column":3},"end":{"line":41,"column":83}},{"start":{"line":41,"column":3},"end":{"line":41,"column":83}}],"line":41}},"s":{"0":1,"1":0,"2":0,"3":0,"4":0,"5":0,"6":0,"7":0,"8":0,"9":0,"10":0,"11":1,"12":5,"13":5,"14":5,"15":5,"16":5,"17":5,"18":5,"19":1,"20":4,"21":2,"22":2,"23":1,"24":1,"25":0,"26":1,"27":1,"28":1,"29":0,"30":1,"31":1,"32":1,"33":4},"f":{"0":0,"1":5,"2":5,"3":5},"b":{"0":[0,0],"1":[5],"2":[1,4],"3":[2,2],"4":[1,1],"5":[0,1],"6":[0,1]},"_coverageSchema":"43e27e138ebf9cfc5966b082cf9a028302ed4184","hash":"c9c726cf850e3509dcc94f918db54385f11440af"}
}
