TN:
SF:C:\Users\Hashim\Desktop\Uni\Year 2\5001CEM - Software Engineering\Local_News\modules\accounts.js
FN:19,runSQL
FN:33,(anonymous_1)
FN:56,checkNoDuplicateUsername
FN:67,saveImage
FN:78,(anonymous_4)
FNF:5
FNH:2
FNDA:3,runSQL
FNDA:3,(anonymous_1)
FNDA:0,checkNoDuplicateUsername
FNDA:0,saveImage
FNDA:0,(anonymous_4)
DA:10,1
DA:11,1
DA:20,3
DA:21,3
DA:22,3
DA:23,3
DA:24,3
DA:25,3
DA:26,3
DA:27,0
DA:29,0
DA:33,1
DA:34,3
DA:35,3
DA:36,3
DA:37,0
DA:38,0
DA:39,0
DA:40,0
DA:42,3
DA:57,0
DA:68,0
DA:78,1
LF:23
LH:15
BRDA:26,0,0,3
BRDA:26,0,1,0
BRDA:36,1,0,3
BRDA:36,1,1,0
BRDA:39,2,0,0
BRDA:39,2,1,0
BRF:6
BRH:2
end_of_record
TN:
SF:C:\Users\Hashim\Desktop\Uni\Year 2\5001CEM - Software Engineering\Local_News\modules\register.js
FN:6,runSQL
FN:23,(anonymous_1)
FN:24,(anonymous_2)
FN:33,(anonymous_3)
FNF:4
FNH:3
FNDA:0,runSQL
FNDA:3,(anonymous_1)
FNDA:3,(anonymous_2)
FNDA:3,(anonymous_3)
DA:3,1
DA:4,1
DA:7,0
DA:8,0
DA:9,0
DA:10,0
DA:11,0
DA:12,0
DA:13,0
DA:14,0
DA:16,0
DA:21,1
DA:24,3
DA:25,3
DA:26,3
DA:27,3
DA:28,3
DA:34,3
DA:35,3
DA:36,2
DA:37,1
DA:38,1
DA:39,1
DA:40,1
DA:41,1
DA:42,1
DA:44,2
LF:27
LH:18
BRDA:13,0,0,0
BRDA:13,0,1,0
BRDA:23,1,0,3
BRDA:35,2,0,1
BRDA:35,2,1,2
BRDA:36,3,0,1
BRDA:36,3,1,1
BRDA:39,4,0,0
BRDA:39,4,1,1
BRF:9
BRH:6
end_of_record
TN:
SF:C:\Users\Hashim\Desktop\Uni\Year 2\5001CEM - Software Engineering\Local_News\modules\upload.js
FN:6,runSQL
FN:23,(anonymous_1)
FN:24,(anonymous_2)
FN:33,(anonymous_3)
FNF:4
FNH:3
FNDA:0,runSQL
FNDA:5,(anonymous_1)
FNDA:5,(anonymous_2)
FNDA:5,(anonymous_3)
DA:3,1
DA:7,0
DA:8,0
DA:9,0
DA:10,0
DA:11,0
DA:12,0
DA:13,0
DA:14,0
DA:16,0
DA:21,1
DA:24,5
DA:25,5
DA:26,5
DA:27,5
DA:28,5
DA:34,5
DA:35,5
DA:36,4
DA:37,2
DA:38,1
DA:39,1
DA:40,1
DA:41,1
DA:42,1
DA:43,1
DA:44,1
DA:46,4
LF:28
LH:19
BRDA:13,0,0,0
BRDA:13,0,1,0
BRDA:23,1,0,5
BRDA:35,2,0,1
BRDA:35,2,1,4
BRDA:36,3,0,2
BRDA:36,3,1,2
BRDA:37,4,0,1
BRDA:37,4,1,1
BRDA:38,5,0,0
BRDA:38,5,1,1
BRDA:41,6,0,0
BRDA:41,6,1,1
BRF:13
BRH:9
end_of_record
